2024-05-28 14:19:27,034 DEBUG    root            Loaded Command Group: ['gcloud', 'auth']
2024-05-28 14:19:27,067 DEBUG    root            Loaded Command Group: ['gcloud', 'auth', 'login']
2024-05-28 14:19:27,069 DEBUG    root            Running [gcloud.auth.login] with arguments: [--update-adc: "True"]
2024-05-28 14:19:27,388 DEBUG    requests_oauthlib.oauth2_session Generated new state 4ZNtZWMyIs41zEfLCa9c2on1nciuU8.
2024-05-28 14:19:27,637 INFO     ___FILE_ONLY___ Your browser has been opened to visit:

    https://accounts.google.com/o/oauth2/auth?response_type=code&client_id=32555940559.apps.googleusercontent.com&redirect_uri=http%3A%2F%2Flocalhost%3A8085%2F&scope=openid+https%3A%2F%2Fwww.googleapis.com%2Fauth%2Fuserinfo.email+https%3A%2F%2Fwww.googleapis.com%2Fauth%2Fcloud-platform+https%3A%2F%2Fwww.googleapis.com%2Fauth%2Fappengine.admin+https%3A%2F%2Fwww.googleapis.com%2Fauth%2Fsqlservice.login+https%3A%2F%2Fwww.googleapis.com%2Fauth%2Fcompute+https%3A%2F%2Fwww.googleapis.com%2Fauth%2Faccounts.reauth&state=4ZNtZWMyIs41zEfLCa9c2on1nciuU8&access_type=offline&code_challenge=HkmjkpS3DaIiyHorYIMKAJwTn_v6aUXS_Bc73Ip0FB4&code_challenge_method=S256


2024-05-28 14:19:37,365 INFO     google_auth_oauthlib.flow "GET /?state=4ZNtZWMyIs41zEfLCa9c2on1nciuU8&code=4/0AdLIrYc7sQUYD2lw2GfyHa-7BNiq_xND4l5lPp-kX_4Xry2R9gnXwcLNIScvYD769_MzGA&scope=email%20openid%20https://www.googleapis.com/auth/userinfo.email%20https://www.googleapis.com/auth/cloud-platform%20https://www.googleapis.com/auth/appengine.admin%20https://www.googleapis.com/auth/sqlservice.login%20https://www.googleapis.com/auth/compute%20https://www.googleapis.com/auth/accounts.reauth&authuser=0&hd=creditkarma.com&prompt=consent HTTP/1.1" 200 959
2024-05-28 14:19:37,366 DEBUG    requests_oauthlib.oauth2_session Requesting url https://oauth2.googleapis.com/token using method POST.
2024-05-28 14:19:37,366 DEBUG    requests_oauthlib.oauth2_session Supplying headers {b'Accept': b'application/json', b'Content-Type': b'application/x-www-form-urlencoded;charset=UTF-8', b'user-agent': b'google-cloud-sdk gcloud/477.0.0 command/gcloud.auth.login invocation-id/bd4ac2c775664a16967b25dd55fe74af environment/None environment-version/None client-os/MACOSX client-os-ver/23.5.0 client-pltf-arch/x86_64 interactive/False from-script/False python/3.12.3 term/xterm-256color (Macintosh; Intel Mac OS X 23.5.0)'} and data {'grant_type': 'authorization_code', 'client_id': '32555940559.apps.googleusercontent.com', 'client_secret': 'ZmssLNjJy2998hD4CTg2ejr2', 'code': '4/0AdLIrYc7sQUYD2lw2GfyHa-7BNiq_xND4l5lPp-kX_4Xry2R9gnXwcLNIScvYD769_MzGA', 'redirect_uri': 'http://localhost:8085/', 'code_verifier': 'bowpvwrMjRuuOK0yRjUeex8DdsDniZATfl5EBWDRdZn4qr~Z2LBgJTXXcOeE2gHfZOJyMJ_jad~cfeXoL2G5JJOUqlK5HzI1MTjhiXeLKye8ZvFVwcwZ6ImArkd~70KN'}
2024-05-28 14:19:37,366 DEBUG    requests_oauthlib.oauth2_session Passing through key word arguments {'json': None, 'timeout': None, 'auth': None, 'verify': None, 'proxies': None}.
2024-05-28 14:19:37,374 DEBUG    urllib3.connectionpool Starting new HTTPS connection (1): oauth2.googleapis.com:443
2024-05-28 14:19:37,556 DEBUG    urllib3.connectionpool https://oauth2.googleapis.com:443 "POST /token HTTP/1.1" 200 None
2024-05-28 14:19:37,557 DEBUG    requests_oauthlib.oauth2_session Prepared fetch token request body grant_type=authorization_code&client_id=32555940559.apps.googleusercontent.com&client_secret=ZmssLNjJy2998hD4CTg2ejr2&code=4%2F0AdLIrYc7sQUYD2lw2GfyHa-7BNiq_xND4l5lPp-kX_4Xry2R9gnXwcLNIScvYD769_MzGA&redirect_uri=http%3A%2F%2Flocalhost%3A8085%2F&code_verifier=bowpvwrMjRuuOK0yRjUeex8DdsDniZATfl5EBWDRdZn4qr~Z2LBgJTXXcOeE2gHfZOJyMJ_jad~cfeXoL2G5JJOUqlK5HzI1MTjhiXeLKye8ZvFVwcwZ6ImArkd~70KN
2024-05-28 14:19:37,558 DEBUG    requests_oauthlib.oauth2_session Request to fetch token completed with status 200.
2024-05-28 14:19:37,558 DEBUG    requests_oauthlib.oauth2_session Request headers were {'user-agent': b'google-cloud-sdk gcloud/477.0.0 command/gcloud.auth.login invocation-id/bd4ac2c775664a16967b25dd55fe74af environment/None environment-version/None client-os/MACOSX client-os-ver/23.5.0 client-pltf-arch/x86_64 interactive/False from-script/False python/3.12.3 term/xterm-256color (Macintosh; Intel Mac OS X 23.5.0)', 'Accept-Encoding': 'gzip, deflate', 'Accept': b'application/json', 'Connection': 'keep-alive', 'Content-Type': b'application/x-www-form-urlencoded;charset=UTF-8', 'Content-Length': '387'}
2024-05-28 14:19:37,558 DEBUG    requests_oauthlib.oauth2_session Request body was grant_type=authorization_code&client_id=32555940559.apps.googleusercontent.com&client_secret=ZmssLNjJy2998hD4CTg2ejr2&code=4%2F0AdLIrYc7sQUYD2lw2GfyHa-7BNiq_xND4l5lPp-kX_4Xry2R9gnXwcLNIScvYD769_MzGA&redirect_uri=http%3A%2F%2Flocalhost%3A8085%2F&code_verifier=bowpvwrMjRuuOK0yRjUeex8DdsDniZATfl5EBWDRdZn4qr~Z2LBgJTXXcOeE2gHfZOJyMJ_jad~cfeXoL2G5JJOUqlK5HzI1MTjhiXeLKye8ZvFVwcwZ6ImArkd~70KN
2024-05-28 14:19:37,558 DEBUG    requests_oauthlib.oauth2_session Response headers were {'Pragma': 'no-cache', 'Expires': 'Mon, 01 Jan 1990 00:00:00 GMT', 'Cache-Control': 'no-cache, no-store, max-age=0, must-revalidate', 'Date': 'Tue, 28 May 2024 18:19:37 GMT', 'Content-Type': 'application/json; charset=utf-8', 'Vary': 'Origin, X-Origin, Referer', 'Content-Encoding': 'gzip', 'Server': 'scaffolding on HTTPServer2', 'X-XSS-Protection': '0', 'X-Frame-Options': 'SAMEORIGIN', 'X-Content-Type-Options': 'nosniff', 'Transfer-Encoding': 'chunked'} and content {
  "access_token": "ya29.a0AXooCgu0uGwwfWUzwaHXEHsNxUuRvuS9SE9FqpaKI74adeDXmTfIp89GWTAsGxmHJDKjQdNCt0AMkb-Z6m1JF-c2Axm_do-JWFkd8J4azsLVPDOI9pJBSjO-R5uAow4-Rat2Lthl15YIBXYGoH1SGUWTDtf1_1nS8wVdFImvNwaCgYKARkSARMSFQHGX2MiH0g6oqK3Fa1uoV3kD6OIZQ0177",
  "expires_in": 3599,
  "refresh_token": "1//05aA1G6obvtntCgYIARAAGAUSNwF-L9Ire1D1kdgdJMABXt0vXYosG4qwm30S5Pu3S2kpkvXNiTTTQ18GJ2wQiaO_LoQnvvmxdno",
  "scope": "https://www.googleapis.com/auth/accounts.reauth https://www.googleapis.com/auth/appengine.admin https://www.googleapis.com/auth/cloud-platform https://www.googleapis.com/auth/sqlservice.login https://www.googleapis.com/auth/compute https://www.googleapis.com/auth/userinfo.email openid",
  "token_type": "Bearer",
  "id_token": "eyJhbGciOiJSUzI1NiIsImtpZCI6IjY3MTk2NzgzNTFhNWZhZWRjMmU3MDI3NGJiZWE2MmRhMmE4YzRhMTIiLCJ0eXAiOiJKV1QifQ.eyJpc3MiOiJodHRwczovL2FjY291bnRzLmdvb2dsZS5jb20iLCJhenAiOiIzMjU1NTk0MDU1OS5hcHBzLmdvb2dsZXVzZXJjb250ZW50LmNvbSIsImF1ZCI6IjMyNTU1OTQwNTU5LmFwcHMuZ29vZ2xldXNlcmNvbnRlbnQuY29tIiwic3ViIjoiMTEyNTgwNzMwODY3ODAxMDc2MDQ3IiwiaGQiOiJjcmVkaXRrYXJtYS5jb20iLCJlbWFpbCI6InJhY2Uud2lsbGlhbXNAY3JlZGl0a2FybWEuY29tIiwiZW1haWxfdmVyaWZpZWQiOnRydWUsImF0X2hhc2giOiI5UjdvNjJkb0pFRkdCZHVCRjVhQzZRIiwiaWF0IjoxNzE2OTIwMzc3LCJleHAiOjE3MTY5MjM5Nzd9.ay_smkhyvzi1a29qMN7C11c-6gAdkebz9EjRZhH_bxQk9U2rDaXc2xLZ4U6ZBn9DRJP2hrRVIGK6tIQu4SrFmQqwbo__D1aGUqXph_nAvO4wrUnP1fyAXLNDh0fgOuUM53wL9vmMVVwy_5LEDvwGCQvT1bsCqbm_0_2CKIn74ItGTesd2ydx85G1slRkXMa-KHADNwW9SpBL831sKTIPKlrdbe9_Y8id7N_sEZLUayrbi8A1nhdqYp4jlp5y53DvWjQBv0H6ZiSCfT4c_2G2W7RpN8jT9oTU8yeCco7NmMLbttN_bJgAeYg40u7H7XxjxmNIi8HFRXo2-Jy6WBGDpw"
}.
2024-05-28 14:19:37,558 DEBUG    requests_oauthlib.oauth2_session Invoking 0 token response hooks.
2024-05-28 14:19:37,558 DEBUG    requests_oauthlib.oauth2_session Obtained token {'access_token': 'ya29.a0AXooCgu0uGwwfWUzwaHXEHsNxUuRvuS9SE9FqpaKI74adeDXmTfIp89GWTAsGxmHJDKjQdNCt0AMkb-Z6m1JF-c2Axm_do-JWFkd8J4azsLVPDOI9pJBSjO-R5uAow4-Rat2Lthl15YIBXYGoH1SGUWTDtf1_1nS8wVdFImvNwaCgYKARkSARMSFQHGX2MiH0g6oqK3Fa1uoV3kD6OIZQ0177', 'expires_in': 3599, 'refresh_token': '1//05aA1G6obvtntCgYIARAAGAUSNwF-L9Ire1D1kdgdJMABXt0vXYosG4qwm30S5Pu3S2kpkvXNiTTTQ18GJ2wQiaO_LoQnvvmxdno', 'scope': ['https://www.googleapis.com/auth/accounts.reauth', 'https://www.googleapis.com/auth/appengine.admin', 'https://www.googleapis.com/auth/cloud-platform', 'https://www.googleapis.com/auth/sqlservice.login', 'https://www.googleapis.com/auth/compute', 'https://www.googleapis.com/auth/userinfo.email', 'openid'], 'token_type': 'Bearer', 'id_token': 'eyJhbGciOiJSUzI1NiIsImtpZCI6IjY3MTk2NzgzNTFhNWZhZWRjMmU3MDI3NGJiZWE2MmRhMmE4YzRhMTIiLCJ0eXAiOiJKV1QifQ.eyJpc3MiOiJodHRwczovL2FjY291bnRzLmdvb2dsZS5jb20iLCJhenAiOiIzMjU1NTk0MDU1OS5hcHBzLmdvb2dsZXVzZXJjb250ZW50LmNvbSIsImF1ZCI6IjMyNTU1OTQwNTU5LmFwcHMuZ29vZ2xldXNlcmNvbnRlbnQuY29tIiwic3ViIjoiMTEyNTgwNzMwODY3ODAxMDc2MDQ3IiwiaGQiOiJjcmVkaXRrYXJtYS5jb20iLCJlbWFpbCI6InJhY2Uud2lsbGlhbXNAY3JlZGl0a2FybWEuY29tIiwiZW1haWxfdmVyaWZpZWQiOnRydWUsImF0X2hhc2giOiI5UjdvNjJkb0pFRkdCZHVCRjVhQzZRIiwiaWF0IjoxNzE2OTIwMzc3LCJleHAiOjE3MTY5MjM5Nzd9.ay_smkhyvzi1a29qMN7C11c-6gAdkebz9EjRZhH_bxQk9U2rDaXc2xLZ4U6ZBn9DRJP2hrRVIGK6tIQu4SrFmQqwbo__D1aGUqXph_nAvO4wrUnP1fyAXLNDh0fgOuUM53wL9vmMVVwy_5LEDvwGCQvT1bsCqbm_0_2CKIn74ItGTesd2ydx85G1slRkXMa-KHADNwW9SpBL831sKTIPKlrdbe9_Y8id7N_sEZLUayrbi8A1nhdqYp4jlp5y53DvWjQBv0H6ZiSCfT4c_2G2W7RpN8jT9oTU8yeCco7NmMLbttN_bJgAeYg40u7H7XxjxmNIi8HFRXo2-Jy6WBGDpw', 'expires_at': 1716923976.558869}.
2024-05-28 14:19:37,585 INFO     ___FILE_ONLY___ 
Application Default Credentials (ADC) were updated.

2024-05-28 14:19:37,587 INFO     ___FILE_ONLY___ 
You are now logged in as [race.williams@creditkarma.com].
Your current project is [None].  You can change this setting by running:
  $ gcloud config set project PROJECT_ID

2024-05-28 14:19:37,588 DEBUG    root            Chosen display Format:none
2024-05-28 14:19:37,588 INFO     root            Display format: "none"
