2024-05-28 14:18:22,326 ERROR    root            (gcloud) Command name argument expected.
2024-05-28 14:18:22,327 DEBUG    root            Loaded Command Group: ['gcloud', 'artifacts']
2024-05-28 14:18:22,329 DEBUG    root            Loaded Command Group: ['gcloud', 'netapp']
2024-05-28 14:18:22,331 DEBUG    root            Loaded Command Group: ['gcloud', 'components']
2024-05-28 14:18:22,333 DEBUG    root            Loaded Command Group: ['gcloud', 'essential_contacts']
2024-05-28 14:18:22,335 DEBUG    root            Loaded Command Group: ['gcloud', 'authz_toolkit']
2024-05-28 14:18:22,336 DEBUG    root            Loaded Command Group: ['gcloud', 'infra_manager']
2024-05-28 14:18:22,338 DEBUG    root            Loaded Command Group: ['gcloud', 'network_management']
2024-05-28 14:18:22,340 DEBUG    root            Loaded Command Group: ['gcloud', 'logging']
2024-05-28 14:18:22,342 DEBUG    root            Loaded Command Group: ['gcloud', 'workspace_add_ons']
2024-05-28 14:18:22,344 DEBUG    root            Loaded Command Group: ['gcloud', 'source']
2024-05-28 14:18:22,346 DEBUG    root            No implementation for release track [GA] for element: [/usr/local/share/google-cloud-sdk/lib/surface/kuberun]
2024-05-28 14:18:22,347 DEBUG    root            No implementation for release track [GA] for element: [/usr/local/share/google-cloud-sdk/lib/surface/lifesciences]
2024-05-28 14:18:22,348 DEBUG    root            Loaded Command Group: ['gcloud', 'config']
2024-05-28 14:18:22,350 DEBUG    root            Loaded Command Group: ['gcloud', 'ml']
2024-05-28 14:18:22,407 DEBUG    root            No implementation for release track [GA] for element: [/usr/local/share/google-cloud-sdk/lib/surface/mps]
2024-05-28 14:18:22,408 DEBUG    root            Loaded Command Group: ['gcloud', 'organizations']
2024-05-28 14:18:22,410 DEBUG    root            Loaded Command Group: ['gcloud', 'ids']
2024-05-28 14:18:22,412 DEBUG    root            Loaded Command Group: ['gcloud', 'version']
2024-05-28 14:18:22,414 DEBUG    root            No implementation for release track [GA] for element: [/usr/local/share/google-cloud-sdk/lib/surface/dialogflow]
2024-05-28 14:18:22,415 DEBUG    root            Loaded Command Group: ['gcloud', 'pubsub']
2024-05-28 14:18:22,417 DEBUG    root            Loaded Command Group: ['gcloud', 'transcoder']
2024-05-28 14:18:22,419 DEBUG    root            No implementation for release track [GA] for element: [/usr/local/share/google-cloud-sdk/lib/surface/microservices]
2024-05-28 14:18:22,420 DEBUG    root            Loaded Command Group: ['gcloud', 'edge_cloud']
2024-05-28 14:18:22,422 DEBUG    root            Loaded Command Group: ['gcloud', 'kms']
2024-05-28 14:18:22,424 DEBUG    root            Loaded Command Group: ['gcloud', 'eventarc']
2024-05-28 14:18:22,427 DEBUG    root            Loaded Command Group: ['gcloud', 'telco_automation']
2024-05-28 14:18:22,428 DEBUG    root            Loaded Command Group: ['gcloud', 'access_approval']
2024-05-28 14:18:22,430 DEBUG    root            No implementation for release track [GA] for element: [/usr/local/share/google-cloud-sdk/lib/surface/trace]
2024-05-28 14:18:22,432 DEBUG    root            Loaded Command Group: ['gcloud', 'auth']
2024-05-28 14:18:22,434 DEBUG    root            Loaded Command Group: ['gcloud', 'transfer']
2024-05-28 14:18:22,436 DEBUG    root            No implementation for release track [GA] for element: [/usr/local/share/google-cloud-sdk/lib/surface/data_fusion]
2024-05-28 14:18:22,458 DEBUG    root            Loaded Command Group: ['gcloud', 'init']
2024-05-28 14:18:22,460 DEBUG    root            Loaded Command Group: ['gcloud', 'iap']
2024-05-28 14:18:22,462 DEBUG    root            Loaded Command Group: ['gcloud', 'policy_intelligence']
2024-05-28 14:18:22,464 DEBUG    root            Loaded Command Group: ['gcloud', 'run']
2024-05-28 14:18:22,466 DEBUG    root            Loaded Command Group: ['gcloud', 'recommender']
2024-05-28 14:18:22,477 DEBUG    root            Loaded Command Group: ['gcloud', 'feedback']
2024-05-28 14:18:22,479 DEBUG    root            Loaded Command Group: ['gcloud', 'deployment_manager']
2024-05-28 14:18:22,559 DEBUG    root            Loaded Command Group: ['gcloud', 'ai_platform']
2024-05-28 14:18:22,561 DEBUG    root            No implementation for release track [GA] for element: [/usr/local/share/google-cloud-sdk/lib/surface/managed_kafka]
2024-05-28 14:18:22,562 DEBUG    root            No implementation for release track [GA] for element: [/usr/local/share/google-cloud-sdk/lib/surface/blockchain_node_engine]
2024-05-28 14:18:22,563 DEBUG    root            Loaded Command Group: ['gcloud', 'notebooks']
2024-05-28 14:18:22,566 DEBUG    root            No implementation for release track [GA] for element: [/usr/local/share/google-cloud-sdk/lib/surface/pam]
2024-05-28 14:18:22,567 DEBUG    root            Loaded Command Group: ['gcloud', 'dataplex']
2024-05-28 14:18:22,569 DEBUG    root            No implementation for release track [GA] for element: [/usr/local/share/google-cloud-sdk/lib/surface/source_manager]
2024-05-28 14:18:22,570 DEBUG    root            Loaded Command Group: ['gcloud', 'dataflow']
2024-05-28 14:18:22,572 DEBUG    root            Loaded Command Group: ['gcloud', 'datastream']
2024-05-28 14:18:22,575 DEBUG    root            No implementation for release track [GA] for element: [/usr/local/share/google-cloud-sdk/lib/surface/remote_build_execution]
2024-05-28 14:18:22,576 DEBUG    root            No implementation for release track [GA] for element: [/usr/local/share/google-cloud-sdk/lib/surface/quotas]
2024-05-28 14:18:22,577 DEBUG    root            Loaded Command Group: ['gcloud', 'billing']
2024-05-28 14:18:22,586 DEBUG    root            No implementation for release track [GA] for element: [/usr/local/share/google-cloud-sdk/lib/surface/code]
2024-05-28 14:18:22,589 DEBUG    root            No implementation for release track [GA] for element: [/usr/local/share/google-cloud-sdk/lib/surface/runtime_config]
2024-05-28 14:18:22,590 DEBUG    root            Loaded Command Group: ['gcloud', 'app']
2024-05-28 14:18:22,592 DEBUG    root            Loaded Command Group: ['gcloud', 'resource_manager']
2024-05-28 14:18:22,594 DEBUG    root            Loaded Command Group: ['gcloud', 'data_catalog']
2024-05-28 14:18:22,612 DEBUG    root            Loaded Command Group: ['gcloud', 'help']
2024-05-28 14:18:22,893 DEBUG    root            Loaded Command Group: ['gcloud', 'builds']
2024-05-28 14:18:22,898 DEBUG    root            Loaded Command Group: ['gcloud', 'network_connectivity']
2024-05-28 14:18:22,900 DEBUG    root            Loaded Command Group: ['gcloud', 'sql']
2024-05-28 14:18:22,903 DEBUG    root            Loaded Command Group: ['gcloud', 'workstations']
2024-05-28 14:18:22,905 DEBUG    root            No implementation for release track [GA] for element: [/usr/local/share/google-cloud-sdk/lib/surface/spectrum_access]
2024-05-28 14:18:22,907 DEBUG    root            Loaded Command Group: ['gcloud', 'monitoring']
2024-05-28 14:18:22,909 DEBUG    root            Loaded Command Group: ['gcloud', 'ai']
2024-05-28 14:18:22,912 DEBUG    root            Loaded Command Group: ['gcloud', 'cloud_shell']
2024-05-28 14:18:22,914 DEBUG    root            Loaded Command Group: ['gcloud', 'immersive_stream']
2024-05-28 14:18:22,916 DEBUG    root            Loaded Command Group: ['gcloud', 'api_gateway']
2024-05-28 14:18:22,919 DEBUG    root            Loaded Command Group: ['gcloud', 'looker']
2024-05-28 14:18:22,921 DEBUG    root            Loaded Command Group: ['gcloud', 'assured']
2024-05-28 14:18:22,924 DEBUG    root            Loaded Command Group: ['gcloud', 'publicca']
2024-05-28 14:18:22,926 DEBUG    root            Loaded Command Group: ['gcloud', 'scc']
2024-05-28 14:18:22,929 DEBUG    root            Loaded Command Group: ['gcloud', 'identity']
2024-05-28 14:18:22,963 DEBUG    root            Loaded Command Group: ['gcloud', 'storage']
2024-05-28 14:18:22,965 DEBUG    root            Loaded Command Group: ['gcloud', 'recaptcha']
2024-05-28 14:18:22,967 DEBUG    root            No implementation for release track [GA] for element: [/usr/local/share/google-cloud-sdk/lib/surface/cbrs_spectrum_access]
2024-05-28 14:18:23,281 DEBUG    root            No implementation for release track [GA] for element: [/usr/local/share/google-cloud-sdk/lib/surface/interactive]
2024-05-28 14:18:23,282 DEBUG    root            No implementation for release track [GA] for element: [/usr/local/share/google-cloud-sdk/lib/surface/fault_injection]
2024-05-28 14:18:23,292 DEBUG    root            Loaded Command Group: ['gcloud', 'survey']
2024-05-28 14:18:23,294 DEBUG    root            Loaded Command Group: ['gcloud', 'policy_troubleshoot']
2024-05-28 14:18:23,298 DEBUG    root            Loaded Command Group: ['gcloud', 'info']
2024-05-28 14:18:23,300 DEBUG    root            Loaded Command Group: ['gcloud', 'bms']
2024-05-28 14:18:23,302 DEBUG    root            Loaded Command Group: ['gcloud', 'edge_cache']
2024-05-28 14:18:23,304 DEBUG    root            No implementation for release track [GA] for element: [/usr/local/share/google-cloud-sdk/lib/surface/migration]
2024-05-28 14:18:23,305 DEBUG    root            Loaded Command Group: ['gcloud', 'alloydb']
2024-05-28 14:18:23,307 DEBUG    root            No implementation for release track [GA] for element: [/usr/local/share/google-cloud-sdk/lib/surface/resource_config]
2024-05-28 14:18:23,308 DEBUG    root            No implementation for release track [GA] for element: [/usr/local/share/google-cloud-sdk/lib/surface/web_security_scanner]
2024-05-28 14:18:23,309 DEBUG    root            No implementation for release track [GA] for element: [/usr/local/share/google-cloud-sdk/lib/surface/bq]
2024-05-28 14:18:23,310 DEBUG    root            Loaded Command Group: ['gcloud', 'network_services']
2024-05-28 14:18:23,317 DEBUG    root            Loaded Command Group: ['gcloud', 'functions']
2024-05-28 14:18:23,319 DEBUG    root            Loaded Command Group: ['gcloud', 'scheduler']
2024-05-28 14:18:23,326 DEBUG    root            No implementation for release track [GA] for element: [/usr/local/share/google-cloud-sdk/lib/surface/stacks]
2024-05-28 14:18:23,327 DEBUG    root            Loaded Command Group: ['gcloud', 'dns']
2024-05-28 14:18:23,329 DEBUG    root            Loaded Command Group: ['gcloud', 'tasks']
2024-05-28 14:18:23,332 DEBUG    root            Loaded Command Group: ['gcloud', 'filestore']
2024-05-28 14:18:23,333 DEBUG    root            Loaded Command Group: ['gcloud', 'certificate_manager']
2024-05-28 14:18:23,335 DEBUG    root            Loaded Command Group: ['gcloud', 'access_context_manager']
2024-05-28 14:18:23,337 DEBUG    root            Loaded Command Group: ['gcloud', 'secrets']
2024-05-28 14:18:23,339 DEBUG    root            Loaded Command Group: ['gcloud', 'endpoints']
2024-05-28 14:18:23,340 DEBUG    root            Loaded Command Group: ['gcloud', 'ml_engine']
2024-05-28 14:18:23,342 DEBUG    root            Loaded Command Group: ['gcloud', 'iam']
2024-05-28 14:18:23,489 DEBUG    root            Loaded Command Group: ['gcloud', 'compute']
2024-05-28 14:18:23,492 DEBUG    root            No implementation for release track [GA] for element: [/usr/local/share/google-cloud-sdk/lib/surface/orglifecycle]
2024-05-28 14:18:23,493 DEBUG    root            Loaded Command Group: ['gcloud', 'datastore']
2024-05-28 14:18:23,495 DEBUG    root            No implementation for release track [GA] for element: [/usr/local/share/google-cloud-sdk/lib/surface/dataproc_gdc]
2024-05-28 14:18:23,496 DEBUG    root            Loaded Command Group: ['gcloud', 'meta']
2024-05-28 14:18:23,497 DEBUG    root            Loaded Command Group: ['gcloud', 'unlock']
2024-05-28 14:18:23,499 DEBUG    root            No implementation for release track [GA] for element: [/usr/local/share/google-cloud-sdk/lib/surface/managed_flink]
2024-05-28 14:18:23,501 DEBUG    root            Loaded Command Group: ['gcloud', 'apphub']
2024-05-28 14:18:23,503 DEBUG    root            No implementation for release track [GA] for element: [/usr/local/share/google-cloud-sdk/lib/surface/number_registry]
2024-05-28 14:18:23,504 DEBUG    root            Loaded Command Group: ['gcloud', 'backup_dr']
2024-05-28 14:18:23,507 DEBUG    root            Loaded Command Group: ['gcloud', 'deploy']
2024-05-28 14:18:23,509 DEBUG    root            No implementation for release track [GA] for element: [/usr/local/share/google-cloud-sdk/lib/surface/parallelstore]
2024-05-28 14:18:23,510 DEBUG    root            Loaded Command Group: ['gcloud', 'spanner']
2024-05-28 14:18:23,512 DEBUG    root            Loaded Command Group: ['gcloud', 'apigee']
2024-05-28 14:18:23,515 DEBUG    root            Loaded Command Group: ['gcloud', 'memcache']
2024-05-28 14:18:23,516 DEBUG    root            No implementation for release track [GA] for element: [/usr/local/share/google-cloud-sdk/lib/surface/blockchain_validator]
2024-05-28 14:18:23,517 DEBUG    root            Loaded Command Group: ['gcloud', 'workbench']
2024-05-28 14:18:23,519 DEBUG    root            No implementation for release track [GA] for element: [/usr/local/share/google-cloud-sdk/lib/surface/datapipelines]
2024-05-28 14:18:23,521 DEBUG    root            Loaded Command Group: ['gcloud', 'firestore']
2024-05-28 14:18:23,523 DEBUG    root            No implementation for release track [GA] for element: [/usr/local/share/google-cloud-sdk/lib/surface/genomics]
2024-05-28 14:18:23,524 DEBUG    root            Loaded Command Group: ['gcloud', 'firebase']
2024-05-28 14:18:23,527 DEBUG    root            Loaded Command Group: ['gcloud', 'privateca']
2024-05-28 14:18:23,529 DEBUG    root            Loaded Command Group: ['gcloud', 'database_migration']
2024-05-28 14:18:23,532 DEBUG    root            Loaded Command Group: ['gcloud', 'metastore']
2024-05-28 14:18:23,534 DEBUG    root            Loaded Command Group: ['gcloud', 'workflows']
2024-05-28 14:18:23,537 DEBUG    root            Loaded Command Group: ['gcloud', 'asset']
2024-05-28 14:18:23,540 DEBUG    root            Loaded Command Group: ['gcloud', 'network_security']
2024-05-28 14:18:23,542 DEBUG    root            Loaded Command Group: ['gcloud', 'service_extensions']
2024-05-28 14:18:23,544 DEBUG    root            Loaded Command Group: ['gcloud', 'org_policies']
2024-05-28 14:18:23,547 DEBUG    root            Loaded Command Group: ['gcloud', 'emulators']
2024-05-28 14:18:23,554 DEBUG    root            Loaded Command Group: ['gcloud', 'docker']
2024-05-28 14:18:23,556 DEBUG    root            No implementation for release track [GA] for element: [/usr/local/share/google-cloud-sdk/lib/surface/seclm]
2024-05-28 14:18:23,557 DEBUG    root            Loaded Command Group: ['gcloud', 'topic']
2024-05-28 14:18:23,560 DEBUG    root            Loaded Command Group: ['gcloud', 'domains']
2024-05-28 14:18:23,562 DEBUG    root            No implementation for release track [GA] for element: [/usr/local/share/google-cloud-sdk/lib/surface/developer_connect]
2024-05-28 14:18:23,563 DEBUG    root            Loaded Command Group: ['gcloud', 'service_directory']
2024-05-28 14:18:23,565 DEBUG    root            Loaded Command Group: ['gcloud', 'resource_settings']
2024-05-28 14:18:23,566 DEBUG    root            No implementation for release track [GA] for element: [/usr/local/share/google-cloud-sdk/lib/surface/media]
2024-05-28 14:18:23,568 DEBUG    root            Loaded Command Group: ['gcloud', 'healthcare']
2024-05-28 14:18:23,570 DEBUG    root            No implementation for release track [GA] for element: [/usr/local/share/google-cloud-sdk/lib/surface/error_reporting]
2024-05-28 14:18:23,571 DEBUG    root            Loaded Command Group: ['gcloud', 'cheat_sheet']
2024-05-28 14:18:23,574 DEBUG    root            Loaded Command Group: ['gcloud', 'composer']
2024-05-28 14:18:23,576 DEBUG    root            No implementation for release track [GA] for element: [/usr/local/share/google-cloud-sdk/lib/surface/terraform]
2024-05-28 14:18:23,578 DEBUG    root            Loaded Command Group: ['gcloud', 'anthos']
2024-05-28 14:18:23,581 DEBUG    root            No implementation for release track [GA] for element: [/usr/local/share/google-cloud-sdk/lib/surface/dlp]
2024-05-28 14:18:23,583 DEBUG    root            Loaded Command Group: ['gcloud', 'vmware']
2024-05-28 14:18:23,585 DEBUG    root            No implementation for release track [GA] for element: [/usr/local/share/google-cloud-sdk/lib/surface/audit_manager]
2024-05-28 14:18:23,586 DEBUG    root            No implementation for release track [GA] for element: [/usr/local/share/google-cloud-sdk/lib/surface/beyondcorp]
2024-05-28 14:18:23,587 DEBUG    root            Loaded Command Group: ['gcloud', 'batch']
2024-05-28 14:18:23,589 DEBUG    root            Loaded Command Group: ['gcloud', 'services']
2024-05-28 14:18:23,591 DEBUG    root            Loaded Command Group: ['gcloud', 'projects']
2024-05-28 14:18:23,593 DEBUG    root            No implementation for release track [GA] for element: [/usr/local/share/google-cloud-sdk/lib/surface/commerce_procurement]
2024-05-28 14:18:23,594 DEBUG    root            Loaded Command Group: ['gcloud', 'active_directory']
2024-05-28 14:18:23,596 DEBUG    root            Loaded Command Group: ['gcloud', 'redis']
2024-05-28 14:18:23,598 DEBUG    root            Loaded Command Group: ['gcloud', 'dataproc']
2024-05-28 14:18:23,599 DEBUG    root            Chosen display Format:table[no-heading,margin=6,width=80]([0]:label='':align=left:width=22,[1]:label='':align=left:wrap)
2024-05-28 14:18:23,641 DEBUG    root            Chosen display Format:table[no-heading,margin=6,width=80]([0]:label='':align=left:width=22,[1]:label='':align=left:wrap)
2024-05-28 14:18:23,642 DEBUG    root            Chosen display Format:table[no-heading,margin=6,width=80]([0]:label='':align=left:width=22,[1]:label='':align=left:wrap)
2024-05-28 14:18:23,643 DEBUG    root            Chosen display Format:table[no-heading,margin=6,width=80]([0]:label='':align=left:width=22,[1]:label='':align=left:wrap)
2024-05-28 14:18:23,643 DEBUG    root            Chosen display Format:table[no-heading,margin=6,width=80]([0]:label='':align=left:width=22,[1]:label='':align=left:wrap)
2024-05-28 14:18:23,644 DEBUG    root            Chosen display Format:table[no-heading,margin=6,width=80]([0]:label='':align=left:width=22,[1]:label='':align=left:wrap)
2024-05-28 14:18:23,644 DEBUG    root            Chosen display Format:table[no-heading,margin=6,width=80]([0]:label='':align=left:width=22,[1]:label='':align=left:wrap)
2024-05-28 14:18:23,645 DEBUG    root            Chosen display Format:table[no-heading,margin=6,width=80]([0]:label='':align=left:width=22,[1]:label='':align=left:wrap)
2024-05-28 14:18:23,647 DEBUG    root            Chosen display Format:table[no-heading,margin=6,width=80]([0]:label='':align=left:width=22,[1]:label='':align=left:wrap)
2024-05-28 14:18:23,648 DEBUG    root            Chosen display Format:table[no-heading,margin=6,width=80]([0]:label='':align=left:width=22,[1]:label='':align=left:wrap)
2024-05-28 14:18:23,648 DEBUG    root            Chosen display Format:table[no-heading,margin=6,width=80]([0]:label='':align=left:width=22,[1]:label='':align=left:wrap)
2024-05-28 14:18:23,651 DEBUG    root            Chosen display Format:table[no-heading,margin=6,width=80]([0]:label='':align=left:width=22,[1]:label='':align=left:wrap)
2024-05-28 14:18:23,653 DEBUG    root            Chosen display Format:table[no-heading,margin=6,width=80]([0]:label='':align=left:width=22,[1]:label='':align=left:wrap)
2024-05-28 14:18:23,653 DEBUG    root            Chosen display Format:table[no-heading,margin=6,width=80]([0]:label='':align=left:width=22,[1]:label='':align=left:wrap)
2024-05-28 14:18:23,654 DEBUG    root            Chosen display Format:table[no-heading,margin=6,width=80]([0]:label='':align=left:width=22,[1]:label='':align=left:wrap)
2024-05-28 14:18:23,654 DEBUG    root            Chosen display Format:table[no-heading,margin=6,width=80]([0]:label='':align=left:width=22,[1]:label='':align=left:wrap)
2024-05-28 14:18:23,656 DEBUG    root            Chosen display Format:table[no-heading,margin=6,width=80]([0]:label='':align=left:width=22,[1]:label='':align=left:wrap)
2024-05-28 14:18:23,656 DEBUG    root            Chosen display Format:table[no-heading,margin=6,width=80]([0]:label='':align=left:width=22,[1]:label='':align=left:wrap)
2024-05-28 14:18:23,657 DEBUG    root            Chosen display Format:table[no-heading,margin=6,width=80]([0]:label='':align=left:width=22,[1]:label='':align=left:wrap)
2024-05-28 14:18:23,658 DEBUG    root            Chosen display Format:table[no-heading,margin=6,width=80]([0]:label='':align=left:width=22,[1]:label='':align=left:wrap)
2024-05-28 14:18:23,658 DEBUG    root            Chosen display Format:table[no-heading,margin=6,width=80]([0]:label='':align=left:width=22,[1]:label='':align=left:wrap)
2024-05-28 14:18:23,659 DEBUG    root            Chosen display Format:table[no-heading,margin=6,width=80]([0]:label='':align=left:width=22,[1]:label='':align=left:wrap)
2024-05-28 14:18:23,660 DEBUG    root            Chosen display Format:table[no-heading,margin=6,width=80]([0]:label='':align=left:width=22,[1]:label='':align=left:wrap)
2024-05-28 14:18:23,660 DEBUG    root            Chosen display Format:table[no-heading,margin=6,width=80]([0]:label='':align=left:width=22,[1]:label='':align=left:wrap)
2024-05-28 14:18:23,661 DEBUG    root            Chosen display Format:table[no-heading,margin=6,width=80]([0]:label='':align=left:width=22,[1]:label='':align=left:wrap)
2024-05-28 14:18:23,662 DEBUG    root            Chosen display Format:table[no-heading,margin=6,width=80]([0]:label='':align=left:width=22,[1]:label='':align=left:wrap)
