2024-05-28 16:53:58,090 DEBUG    root            Loaded Command Group: ['gcloud', 'components']
2024-05-28 16:53:58,095 DEBUG    root            Loaded Command Group: ['gcloud', 'components', 'install']
2024-05-28 16:53:58,096 DEBUG    root            Running [gcloud.components.install] with arguments: [COMPONENT-IDS:1: "['kubectl']"]
2024-05-28 16:53:58,153 DEBUG    urllib3.connectionpool Starting new HTTPS connection (1): dl.google.com:443
2024-05-28 16:53:59,323 DEBUG    urllib3.connectionpool https://dl.google.com:443 "GET /dl/cloudsdk/channels/rapid/components-v477.0.0.json HTTP/1.1" 200 222652
2024-05-28 16:53:59,412 INFO     ___FILE_ONLY___ 

2024-05-28 16:53:59,413 INFO     ___FILE_ONLY___ 
Your current Google Cloud CLI version is: 477.0.0

2024-05-28 16:53:59,413 INFO     ___FILE_ONLY___ Installing components from version: 477.0.0

2024-05-28 16:53:59,413 INFO     ___FILE_ONLY___ 

2024-05-28 16:53:59,413 DEBUG    root            Chosen display Format:table[box,title="These components will be removed."](details.display_name:label=Name:align=left,version.version_string:label=Version:align=right,data.size.size(zero="",min=1048576):label=Size:align=right)
2024-05-28 16:53:59,414 DEBUG    root            Chosen display Format:table[box,title="These components will be updated."](details.display_name:label=Name:align=left,version.version_string:label=Version:align=right,data.size.size(zero="",min=1048576):label=Size:align=right)
2024-05-28 16:53:59,414 DEBUG    root            Chosen display Format:table[box,title="These components will be installed."](details.display_name:label=Name:align=left,version.version_string:label=Version:align=right,data.size.size(zero="",min=1048576):label=Size:align=right)
2024-05-28 16:53:59,453 INFO     ___FILE_ONLY___ ┌─────────────────────────────────────────────┐
2024-05-28 16:53:59,453 INFO     ___FILE_ONLY___ 

2024-05-28 16:53:59,453 INFO     ___FILE_ONLY___ │     These components will be installed.     │
2024-05-28 16:53:59,453 INFO     ___FILE_ONLY___ 

2024-05-28 16:53:59,453 INFO     ___FILE_ONLY___ ├────────────────────────┬─────────┬──────────┤
2024-05-28 16:53:59,453 INFO     ___FILE_ONLY___ 

2024-05-28 16:53:59,453 INFO     ___FILE_ONLY___ │          Name          │ Version │   Size   │
2024-05-28 16:53:59,453 INFO     ___FILE_ONLY___ 

2024-05-28 16:53:59,453 INFO     ___FILE_ONLY___ ├────────────────────────┼─────────┼──────────┤
2024-05-28 16:53:59,453 INFO     ___FILE_ONLY___ 

2024-05-28 16:53:59,453 INFO     ___FILE_ONLY___ │ 
2024-05-28 16:53:59,453 INFO     ___FILE_ONLY___ gke-gcloud-auth-plugin
2024-05-28 16:53:59,453 INFO     ___FILE_ONLY___  
2024-05-28 16:53:59,453 INFO     ___FILE_ONLY___ │ 
2024-05-28 16:53:59,453 INFO     ___FILE_ONLY___   0.5.8
2024-05-28 16:53:59,453 INFO     ___FILE_ONLY___  
2024-05-28 16:53:59,454 INFO     ___FILE_ONLY___ │ 
2024-05-28 16:53:59,454 INFO     ___FILE_ONLY___  7.8 MiB
2024-05-28 16:53:59,454 INFO     ___FILE_ONLY___  
2024-05-28 16:53:59,454 INFO     ___FILE_ONLY___ │
2024-05-28 16:53:59,454 INFO     ___FILE_ONLY___ 

2024-05-28 16:53:59,454 INFO     ___FILE_ONLY___ │ 
2024-05-28 16:53:59,454 INFO     ___FILE_ONLY___ kubectl               
2024-05-28 16:53:59,454 INFO     ___FILE_ONLY___  
2024-05-28 16:53:59,454 INFO     ___FILE_ONLY___ │ 
2024-05-28 16:53:59,454 INFO     ___FILE_ONLY___ 1.27.14
2024-05-28 16:53:59,454 INFO     ___FILE_ONLY___  
2024-05-28 16:53:59,455 INFO     ___FILE_ONLY___ │ 
2024-05-28 16:53:59,455 INFO     ___FILE_ONLY___ 76.7 MiB
2024-05-28 16:53:59,455 INFO     ___FILE_ONLY___  
2024-05-28 16:53:59,455 INFO     ___FILE_ONLY___ │
2024-05-28 16:53:59,455 INFO     ___FILE_ONLY___ 

2024-05-28 16:53:59,455 INFO     ___FILE_ONLY___ │ 
2024-05-28 16:53:59,455 INFO     ___FILE_ONLY___ kubectl               
2024-05-28 16:53:59,455 INFO     ___FILE_ONLY___  
2024-05-28 16:53:59,455 INFO     ___FILE_ONLY___ │ 
2024-05-28 16:53:59,455 INFO     ___FILE_ONLY___ 1.27.14
2024-05-28 16:53:59,455 INFO     ___FILE_ONLY___  
2024-05-28 16:53:59,455 INFO     ___FILE_ONLY___ │ 
2024-05-28 16:53:59,455 INFO     ___FILE_ONLY___  < 1 MiB
2024-05-28 16:53:59,455 INFO     ___FILE_ONLY___  
2024-05-28 16:53:59,456 INFO     ___FILE_ONLY___ │
2024-05-28 16:53:59,456 INFO     ___FILE_ONLY___ 

2024-05-28 16:53:59,456 INFO     ___FILE_ONLY___ └────────────────────────┴─────────┴──────────┘
2024-05-28 16:53:59,456 INFO     ___FILE_ONLY___ 

2024-05-28 16:53:59,456 INFO     ___FILE_ONLY___ 

2024-05-28 16:53:59,461 DEBUG    urllib3.connectionpool Starting new HTTPS connection (1): dl.google.com:443
2024-05-28 16:54:00,558 DEBUG    urllib3.connectionpool https://dl.google.com:443 "GET /dl/cloudsdk/channels/rapid/RELEASE_NOTES HTTP/1.1" 200 1214727
2024-05-28 16:54:00,718 INFO     ___FILE_ONLY___ For the latest full release notes, please visit:
  https://cloud.google.com/sdk/release_notes


2024-05-28 16:54:02,296 INFO     ___FILE_ONLY___ Performing in place update...


2024-05-28 16:54:02,313 INFO     ___FILE_ONLY___ ╔════════════════════════════════════════════════════════════╗

2024-05-28 16:54:02,313 INFO     ___FILE_ONLY___ ╠═ Installing: gke-gcloud-auth-plugin                       ═╣

2024-05-28 16:54:02,313 INFO     ___FILE_ONLY___ ╚
2024-05-28 16:54:02,318 DEBUG    urllib3.connectionpool Starting new HTTPS connection (1): dl.google.com:443
2024-05-28 16:54:04,651 DEBUG    urllib3.connectionpool https://dl.google.com:443 "GET /dl/cloudsdk/channels/rapid/components/google-cloud-sdk-gke-gcloud-auth-plugin-darwin-x86_64-20240106004423.tar.gz HTTP/1.1" 200 8160991
2024-05-28 16:54:06,869 INFO     ___FILE_ONLY___ ═
2024-05-28 16:54:06,869 INFO     ___FILE_ONLY___ ═
2024-05-28 16:54:06,869 INFO     ___FILE_ONLY___ ═
2024-05-28 16:54:06,870 INFO     ___FILE_ONLY___ ═
2024-05-28 16:54:06,870 INFO     ___FILE_ONLY___ ═
2024-05-28 16:54:06,871 INFO     ___FILE_ONLY___ ═
2024-05-28 16:54:06,871 INFO     ___FILE_ONLY___ ═
2024-05-28 16:54:06,871 INFO     ___FILE_ONLY___ ═
2024-05-28 16:54:06,872 INFO     ___FILE_ONLY___ ═
2024-05-28 16:54:06,872 INFO     ___FILE_ONLY___ ═
2024-05-28 16:54:06,873 INFO     ___FILE_ONLY___ ═
2024-05-28 16:54:06,873 INFO     ___FILE_ONLY___ ═
2024-05-28 16:54:06,874 INFO     ___FILE_ONLY___ ═
2024-05-28 16:54:06,874 INFO     ___FILE_ONLY___ ═
2024-05-28 16:54:06,874 INFO     ___FILE_ONLY___ ═
2024-05-28 16:54:06,875 INFO     ___FILE_ONLY___ ═
2024-05-28 16:54:06,875 INFO     ___FILE_ONLY___ ═
2024-05-28 16:54:06,876 INFO     ___FILE_ONLY___ ═
2024-05-28 16:54:06,876 INFO     ___FILE_ONLY___ ═
2024-05-28 16:54:06,876 INFO     ___FILE_ONLY___ ═
2024-05-28 16:54:06,877 INFO     ___FILE_ONLY___ ═
2024-05-28 16:54:06,877 INFO     ___FILE_ONLY___ ═
2024-05-28 16:54:06,877 INFO     ___FILE_ONLY___ ═
2024-05-28 16:54:06,878 INFO     ___FILE_ONLY___ ═
2024-05-28 16:54:06,878 INFO     ___FILE_ONLY___ ═
2024-05-28 16:54:06,879 INFO     ___FILE_ONLY___ ═
2024-05-28 16:54:06,879 INFO     ___FILE_ONLY___ ═
2024-05-28 16:54:06,879 INFO     ___FILE_ONLY___ ═
2024-05-28 16:54:06,880 INFO     ___FILE_ONLY___ ═
2024-05-28 16:54:06,880 INFO     ___FILE_ONLY___ ═
2024-05-28 16:54:06,976 INFO     ___FILE_ONLY___ ══════════════════════════════
2024-05-28 16:54:06,976 INFO     ___FILE_ONLY___ ╝
2024-05-28 16:54:06,982 INFO     ___FILE_ONLY___ ╠════════════════════════════════════════════════════════════╣

2024-05-28 16:54:06,982 INFO     ___FILE_ONLY___ ╠═ Installing: gke-gcloud-auth-plugin                       ═╣

2024-05-28 16:54:06,982 INFO     ___FILE_ONLY___ ╚
2024-05-28 16:54:06,987 INFO     ___FILE_ONLY___ ════════════════════════════════════════════════════════════
2024-05-28 16:54:06,987 INFO     ___FILE_ONLY___ ╝
2024-05-28 16:54:06,988 INFO     ___FILE_ONLY___ ╠════════════════════════════════════════════════════════════╣

2024-05-28 16:54:06,988 INFO     ___FILE_ONLY___ ╠═ Installing: kubectl                                      ═╣

2024-05-28 16:54:06,988 INFO     ___FILE_ONLY___ ╚
2024-05-28 16:54:06,993 DEBUG    urllib3.connectionpool Starting new HTTPS connection (1): dl.google.com:443
2024-05-28 16:54:07,329 DEBUG    urllib3.connectionpool https://dl.google.com:443 "GET /dl/cloudsdk/channels/rapid/components/google-cloud-sdk-kubectl-darwin-x86_64-20240517151541.tar.gz HTTP/1.1" 200 80437849
2024-05-28 16:54:13,383 INFO     ___FILE_ONLY___ ═
2024-05-28 16:54:13,386 INFO     ___FILE_ONLY___ ═
2024-05-28 16:54:13,389 INFO     ___FILE_ONLY___ ═
2024-05-28 16:54:13,393 INFO     ___FILE_ONLY___ ═
2024-05-28 16:54:13,396 INFO     ___FILE_ONLY___ ═
2024-05-28 16:54:13,398 INFO     ___FILE_ONLY___ ═
2024-05-28 16:54:13,402 INFO     ___FILE_ONLY___ ═
2024-05-28 16:54:13,405 INFO     ___FILE_ONLY___ ═
2024-05-28 16:54:13,408 INFO     ___FILE_ONLY___ ═
2024-05-28 16:54:13,411 INFO     ___FILE_ONLY___ ═
2024-05-28 16:54:13,414 INFO     ___FILE_ONLY___ ═
2024-05-28 16:54:13,417 INFO     ___FILE_ONLY___ ═
2024-05-28 16:54:13,420 INFO     ___FILE_ONLY___ ═
2024-05-28 16:54:13,423 INFO     ___FILE_ONLY___ ═
2024-05-28 16:54:13,426 INFO     ___FILE_ONLY___ ═
2024-05-28 16:54:13,429 INFO     ___FILE_ONLY___ ═
2024-05-28 16:54:13,433 INFO     ___FILE_ONLY___ ═
2024-05-28 16:54:13,436 INFO     ___FILE_ONLY___ ═
2024-05-28 16:54:13,439 INFO     ___FILE_ONLY___ ═
2024-05-28 16:54:13,442 INFO     ___FILE_ONLY___ ═
2024-05-28 16:54:13,445 INFO     ___FILE_ONLY___ ═
2024-05-28 16:54:13,448 INFO     ___FILE_ONLY___ ═
2024-05-28 16:54:13,451 INFO     ___FILE_ONLY___ ═
2024-05-28 16:54:13,454 INFO     ___FILE_ONLY___ ═
2024-05-28 16:54:13,457 INFO     ___FILE_ONLY___ ═
2024-05-28 16:54:13,461 INFO     ___FILE_ONLY___ ═
2024-05-28 16:54:13,465 INFO     ___FILE_ONLY___ ═
2024-05-28 16:54:13,468 INFO     ___FILE_ONLY___ ═
2024-05-28 16:54:13,471 INFO     ___FILE_ONLY___ ═
2024-05-28 16:54:13,475 INFO     ___FILE_ONLY___ ═
2024-05-28 16:54:14,167 INFO     ___FILE_ONLY___ ══════
2024-05-28 16:54:14,332 INFO     ___FILE_ONLY___ ══════
2024-05-28 16:54:14,508 INFO     ___FILE_ONLY___ ══════
2024-05-28 16:54:14,680 INFO     ___FILE_ONLY___ ══════
2024-05-28 16:54:14,847 INFO     ___FILE_ONLY___ ══════
2024-05-28 16:54:14,847 INFO     ___FILE_ONLY___ ╝
2024-05-28 16:54:14,859 INFO     ___FILE_ONLY___ ╠════════════════════════════════════════════════════════════╣

2024-05-28 16:54:14,860 INFO     ___FILE_ONLY___ ╠═ Installing: kubectl                                      ═╣

2024-05-28 16:54:14,860 INFO     ___FILE_ONLY___ ╚
2024-05-28 16:54:14,865 DEBUG    urllib3.connectionpool Starting new HTTPS connection (1): dl.google.com:443
2024-05-28 16:54:15,997 DEBUG    urllib3.connectionpool https://dl.google.com:443 "GET /dl/cloudsdk/channels/rapid/components/google-cloud-sdk-kubectl-20240517151541.tar.gz HTTP/1.1" 200 35803
2024-05-28 16:54:16,023 INFO     ___FILE_ONLY___ ═════════════
2024-05-28 16:54:16,023 INFO     ___FILE_ONLY___ ══════════════
2024-05-28 16:54:16,024 INFO     ___FILE_ONLY___ ═══
2024-05-28 16:54:16,028 INFO     ___FILE_ONLY___ ══════════════════════════════
2024-05-28 16:54:16,029 INFO     ___FILE_ONLY___ ╝

2024-05-28 16:54:16,056 DEBUG    root            Updating notification cache...
2024-05-28 16:54:16,057 INFO     ___FILE_ONLY___ 

2024-05-28 16:54:16,057 INFO     ___FILE_ONLY___ Performing post processing steps...
2024-05-28 16:54:16,058 DEBUG    root            Executing command: ['/usr/local/share/google-cloud-sdk/bin/gcloud', 'components', 'post-process']
2024-05-28 16:54:27,448 DEBUG    ___FILE_ONLY___ 
2024-05-28 16:54:27,448 DEBUG    ___FILE_ONLY___ lib/third_party/antlr3/recognizers.py:516: SyntaxWarning: invalid escape sequence '\<'
  """
lib/third_party/google/cloud/appengine_v1/proto/app_yaml_pb2.py:914: SyntaxWarning: invalid escape sequence '\ '
  '__doc__': """\ `Google Cloud Endpoints
lib/third_party/google/cloud/appengine_v1/proto/app_yaml_pb2.py:958: SyntaxWarning: invalid escape sequence '\ '
  '__doc__': """URL pattern and description of how the URL should be handled. App
lib/third_party/google/cloud/appengine_v1alpha/proto/app_yaml_pb2.py:958: SyntaxWarning: invalid escape sequence '\ '
  '__doc__': """URL pattern and description of how the URL should be handled. App
lib/third_party/google/cloud/appengine_v1/proto/version_pb2.py:1476: SyntaxWarning: invalid escape sequence '\ '
  '__doc__': """\ `Cloud Endpoints <https://cloud.google.com/endpoints>`__
lib/third_party/google/cloud/appengine_v1beta/proto/app_yaml_pb2.py:958: SyntaxWarning: invalid escape sequence '\ '
  '__doc__': """URL pattern and description of how the URL should be handled. App
lib/third_party/google/cloud/appengine_v1alpha/proto/version_pb2.py:1659: SyntaxWarning: invalid escape sequence '\ '
  '__doc__': """\ `Cloud Endpoints <https://cloud.google.com/endpoints>`__
lib/third_party/google/cloud/appengine_v1beta/proto/version_pb2.py:1556: SyntaxWarning: invalid escape sequence '\ '
  '__doc__': """\ `Cloud Endpoints <https://cloud.google.com/endpoints>`__
lib/third_party/google/cloud/bigquery_logging_v1/proto/audit_data_pb2.py:2770: SyntaxWarning: invalid escape sequence '\ '
  '__doc__': """User-provided metadata for a table.
lib/third_party/google/cloud/bigquery_logging_v1/proto/audit_data_pb2.py:2841: SyntaxWarning: invalid escape sequence '\ '
  '__doc__': """User-provided metadata for a dataset.
lib/third_party/kubernetes/client/api_client.py:282: SyntaxWarning: invalid escape sequence '\['
  sub_kls = re.match('list\[(.*)\]', klass).group(1)
lib/third_party/kubernetes/client/api_client.py:286: SyntaxWarning: invalid escape sequence '\('
  sub_kls = re.match('dict\(([^,]*), (.*)\)', klass).group(2)
lib/third_party/kubernetes/client/models/apiextensions_v1beta1_webhook_client_config.py:81: SyntaxWarning: invalid escape sequence '\/'
  '^(?:[A-Za-z0-9+\/]{4})*(?:[A-Za-z0-9+\/]{2}==|[A-Za-z0-9+\/]{3}=)?$',
lib/third_party/kubernetes/client/models/admissionregistration_v1beta1_webhook_client_config.py:85: SyntaxWarning: invalid escape sequence '\/'
  '^(?:[A-Za-z0-9+\/]{4})*(?:[A-Za-z0-9+\/]{2}==|[A-Za-z0-9+\/]{3}=)?$',
lib/third_party/kubernetes/client/models/apiextensions_v1beta1_webhook_client_config.py:84: SyntaxWarning: invalid escape sequence '\/'
  'Invalid value for `ca_bundle`, must be a follow pattern or equal to `/^(?:[A-Za-z0-9+\/]{4})*(?:[A-Za-z0-9+\/]{2}==|[A-Za-z0-9+\/]{3}=)?$/`'
lib/third_party/kubernetes/client/models/admissionregistration_v1beta1_webhook_client_config.py:88: SyntaxWarning: invalid escape sequence '\/'
  'Invalid value for `ca_bundle`, must be a follow pattern or equal to `/^(?:[A-Za-z0-9+\/]{4})*(?:[A-Za-z0-9+\/]{2}==|[A-Za-z0-9+\/]{3}=)?$/`'
lib/third_party/kubernetes/client/models/runtime_raw_extension.py:67: SyntaxWarning: invalid escape sequence '\/'
  '^(?:[A-Za-z0-9+\/]{4})*(?:[A-Za-z0-9+\/]{2}==|[A-Za-z0-9+\/]{3}=)?$',
lib/third_party/kubernetes/client/models/runtime_raw_extension.py:70: SyntaxWarning: invalid escape sequence '\/'
  'Invalid value for `raw`, must be a follow pattern or equal to `/^(?:[A-Za-z0-9+\/]{4})*(?:[A-Za-z0-9+\/]{2}==|[A-Za-z0-9+\/]{3}=)?$/`'
lib/third_party/kubernetes/client/models/v1_api_service_spec.py:108: SyntaxWarning: invalid escape sequence '\/'
  '^(?:[A-Za-z0-9+\/]{4})*(?:[A-Za-z0-9+\/]{2}==|[A-Za-z0-9+\/]{3}=)?$',
lib/third_party/kubernetes/client/models/v1_api_service_spec.py:111: SyntaxWarning: invalid escape sequence '\/'
  'Invalid value for `ca_bundle`, must be a follow pattern or equal to `/^(?:[A-Za-z0-9+\/]{4})*(?:[A-Za-z0-9+\/]{2}==|[A-Za-z0-9+\/]{3}=)?$/`'
lib/third_party/kubernetes/client/models/v1alpha1_webhook_client_config.py:80: SyntaxWarning: invalid escape sequence '\/'
  '^(?:[A-Za-z0-9+\/]{4})*(?:[A-Za-z0-9+\/]{2}==|[A-Za-z0-9+\/]{3}=)?$',
lib/third_party/kubernetes/client/models/v1alpha1_webhook_client_config.py:83: SyntaxWarning: invalid escape sequence '\/'
  'Invalid value for `ca_bundle`, must be a follow pattern or equal to `/^(?:[A-Za-z0-9+\/]{4})*(?:[A-Za-z0-9+\/]{2}==|[A-Za-z0-9+\/]{3}=)?$/`'
lib/third_party/kubernetes/client/models/v1beta1_api_service_spec.py:108: SyntaxWarning: invalid escape sequence '\/'
  '^(?:[A-Za-z0-9+\/]{4})*(?:[A-Za-z0-9+\/]{2}==|[A-Za-z0-9+\/]{3}=)?$',
lib/third_party/kubernetes/client/models/v1beta1_api_service_spec.py:111: SyntaxWarning: invalid escape sequence '\/'
  'Invalid value for `ca_bundle`, must be a follow pattern or equal to `/^(?:[A-Za-z0-9+\/]{4})*(?:[A-Za-z0-9+\/]{2}==|[A-Za-z0-9+\/]{3}=)?$/`'
lib/third_party/kubernetes/client/models/v1beta1_certificate_signing_request_status.py:75: SyntaxWarning: invalid escape sequence '\/'
  '^(?:[A-Za-z0-9+\/]{4})*(?:[A-Za-z0-9+\/]{2}==|[A-Za-z0-9+\/]{3}=)?$',
lib/third_party/kubernetes/client/models/v1beta1_certificate_signing_request_spec.py:153: SyntaxWarning: invalid escape sequence '\/'
  '^(?:[A-Za-z0-9+\/]{4})*(?:[A-Za-z0-9+\/]{2}==|[A-Za-z0-9+\/]{3}=)?$',
lib/third_party/kubernetes/client/models/v1beta1_certificate_signing_request_status.py:78: SyntaxWarning: invalid escape sequence '\/'
  'Invalid value for `certificate`, must be a follow pattern or equal to `/^(?:[A-Za-z0-9+\/]{4})*(?:[A-Za-z0-9+\/]{2}==|[A-Za-z0-9+\/]{3}=)?$/`'
lib/third_party/kubernetes/client/models/v1beta1_certificate_signing_request_spec.py:156: SyntaxWarning: invalid escape sequence '\/'
  'Invalid value for `request`, must be a follow pattern or equal to `/^(?:[A-Za-z0-9+\/]{4})*(?:[A-Za-z0-9+\/]{2}==|[A-Za-z0-9+\/]{3}=)?$/`'
platform/gsutil/gslib/tests/test_shim_util.py:1188: SyntaxWarning: invalid escape sequence '\^'
  self.assertEqual(shim_util.get_format_flag_newline(), '^\^n')
platform/gsutil/gslib/tests/test_rsync.py:2932: SyntaxWarning: invalid escape sequence '\.'
  ['rsync', '-r', flag, '^(?!.*\.txt$).*', tmpdir,
platform/gsutil/gslib/vendored/boto/boto/__init__.py:1105: SyntaxWarning: invalid escape sequence '\c'
  """
platform/gsutil/gslib/vendored/boto/boto/cloudfront/distribution.py:512: SyntaxWarning: invalid escape sequence '\*'
  """
platform/gsutil/gslib/vendored/boto/boto/cloudsearchdomain/layer1.py:79: SyntaxWarning: invalid escape sequence '\`'
  """
platform/gsutil/gslib/vendored/boto/boto/connection.py:672: SyntaxWarning: invalid escape sequence '\w'
  '(?:(?P<user>[\w\-\.]+):(?P<pass>.*)@)?'
platform/gsutil/gslib/vendored/boto/boto/connection.py:673: SyntaxWarning: invalid escape sequence '\w'
  '(?P<host>[\w\-\.]+)'
platform/gsutil/gslib/vendored/boto/boto/connection.py:674: SyntaxWarning: invalid escape sequence '\d'
  '(?::(?P<port>\d+))?'
platform/gsutil/gslib/vendored/boto/boto/connection.py:1121: SyntaxWarning: invalid escape sequence '\.'
  'specific endpoint this request was sent to\.'
platform/gsutil/gslib/vendored/boto/boto/gs/resumable_upload_handler.py:240: SyntaxWarning: invalid escape sequence '\d'
  m = re.search('bytes=(\d+)-(\d+)', range_spec)
platform/gsutil/gslib/vendored/boto/boto/https_connection.py:80: SyntaxWarning: invalid escape sequence '\.'
  host_re = host.replace('.', '\.').replace('*', '[^.]*')
platform/gsutil/gslib/vendored/boto/boto/pyami/config.py:98: SyntaxWarning: invalid escape sequence '\s'
  match = re.match("^#import[\s\t]*([^\s^\t]*)[\s\t]*$", line)
platform/gsutil/gslib/vendored/boto/boto/opsworks/layer1.py:2640: SyntaxWarning: invalid escape sequence '\A'
  """
platform/gsutil/gslib/vendored/boto/boto/redshift/layer1.py:327: SyntaxWarning: invalid escape sequence '\,'
  """
platform/gsutil/gslib/vendored/boto/boto/redshift/layer1.py:2164: SyntaxWarning: invalid escape sequence '\)'
  """
platform/gsutil/gslib/vendored/boto/boto/redshift/layer1.py:2264: SyntaxWarning: invalid escape sequence '\,'
  """
platform/gsutil/gslib/vendored/boto/boto/sdb/db/manager/sdbmanager.py:348: SyntaxWarning: invalid escape sequence '\/'
  match = re.match("^s3:\/\/([^\/]*)\/(.*)$", value.id)
platform/gsutil/gslib/vendored/boto/boto/sdb/db/property.py:265: SyntaxWarning: invalid escape sequence '\/'
  validate_regex = "^s3:\/\/([^\/]*)\/(.*)$"
platform/gsutil/gslib/vendored/boto/boto/sdb/db/manager/sdbmanager.py:363: SyntaxWarning: invalid escape sequence '\/'
  match = re.match("^s3:\/\/([^\/]*)\/(.*)$", value)
platform/gsutil/third_party/argcomplete/test/test.py:371: SyntaxWarning: invalid escape sequence '\ '
  ("prog eggs on\\ a", [r"on\ a\ train", "on\ a\ boat"]),
platform/gsutil/third_party/argcomplete/test/test.py:398: SyntaxWarning: invalid escape sequence '\ '
  ("prog --книга П", [r"Парень\ из\ преисподней", "Понедельник\ начинается\ в\ субботу"]),
platform/gsutil/third_party/argcomplete/test/test.py:888: SyntaxWarning: invalid escape sequence '\$'
  self.assertEqual(self.prefix('a\$b'), 'a$b')
platform/gsutil/third_party/argcomplete/test/test.py:889: SyntaxWarning: invalid escape sequence '\`'
  self.assertEqual(self.prefix('a\`b'), 'a`b')
platform/gsutil/third_party/argcomplete/test/test.py:897: SyntaxWarning: invalid escape sequence '\$'
  self.assertEqual(self.prefix('"a\$b'), 'a$b')
platform/gsutil/third_party/argcomplete/test/test.py:898: SyntaxWarning: invalid escape sequence '\`'
  self.assertEqual(self.prefix('"a\`b'), 'a`b')
platform/gsutil/third_party/pyasn1/pyasn1/type/constraint.py:100: SyntaxWarning: invalid escape sequence '\*'
  """Create a SingleValueConstraint object.
platform/gsutil/third_party/pyasn1/pyasn1/type/constraint.py:141: SyntaxWarning: invalid escape sequence '\*'
  """Create a ContainedSubtypeConstraint object.
platform/gsutil/third_party/pyasn1/pyasn1/type/constraint.py:301: SyntaxWarning: invalid escape sequence '\*'
  """Create a PermittedAlphabetConstraint object.
platform/gsutil/third_party/pyasn1/pyasn1/type/constraint.py:457: SyntaxWarning: invalid escape sequence '\*'
  """Create a ConstraintsIntersection logic operator object.
platform/gsutil/third_party/pyasn1/pyasn1/type/constraint.py:501: SyntaxWarning: invalid escape sequence '\*'
  """Create a ConstraintsUnion logic operator object.
platform/gsutil/third_party/pyasn1/pyasn1/type/namedval.py:15: SyntaxWarning: invalid escape sequence '\*'
  """Create named values object.

2024-05-28 16:54:27,647 INFO     ___FILE_ONLY___ 
Update done!


2024-05-28 16:54:28,120 WARNING  root              There are other instances of Google Cloud tools on your system PATH.
  Please remove the following to avoid confusion or accidental invocation:

  /usr/local/Cellar/kubernetes-cli/1.30.1/bin/kubectl

  
2024-05-28 16:54:28,596 DEBUG    root            Chosen display Format:none
2024-05-28 16:54:28,596 INFO     root            Display format: "none"
