2024-05-28 16:52:19,968 DEBUG    root            Loaded Command Group: ['gcloud', 'auth']
2024-05-28 16:52:20,002 DEBUG    root            Loaded Command Group: ['gcloud', 'auth', 'login']
2024-05-28 16:52:20,005 DEBUG    root            Running [gcloud.auth.login] with arguments: [--update-adc: "True"]
2024-05-28 16:52:26,324 DEBUG    requests_oauthlib.oauth2_session Generated new state W9eRkOsW97H3Nv0bTIIOyBKv33ftYs.
2024-05-28 16:52:26,592 INFO     ___FILE_ONLY___ Your browser has been opened to visit:

    https://accounts.google.com/o/oauth2/auth?response_type=code&client_id=32555940559.apps.googleusercontent.com&redirect_uri=http%3A%2F%2Flocalhost%3A8085%2F&scope=openid+https%3A%2F%2Fwww.googleapis.com%2Fauth%2Fuserinfo.email+https%3A%2F%2Fwww.googleapis.com%2Fauth%2Fcloud-platform+https%3A%2F%2Fwww.googleapis.com%2Fauth%2Fappengine.admin+https%3A%2F%2Fwww.googleapis.com%2Fauth%2Fsqlservice.login+https%3A%2F%2Fwww.googleapis.com%2Fauth%2Fcompute+https%3A%2F%2Fwww.googleapis.com%2Fauth%2Faccounts.reauth&state=W9eRkOsW97H3Nv0bTIIOyBKv33ftYs&access_type=offline&code_challenge=OBdijzyLuOwZ4-XtMBHJuqz5FKdpHrhjQwPMKEM0vRc&code_challenge_method=S256


2024-05-28 16:53:36,226 INFO     google_auth_oauthlib.flow "GET /?state=W9eRkOsW97H3Nv0bTIIOyBKv33ftYs&code=4/0AdLIrYdFdgRuvsMBMaOJbJ_eh5DeVoYqmp8A8EHScHs9hycoCMRGsb7wbx9gyhfkvvhSBg&scope=email%20openid%20https://www.googleapis.com/auth/userinfo.email%20https://www.googleapis.com/auth/cloud-platform%20https://www.googleapis.com/auth/appengine.admin%20https://www.googleapis.com/auth/sqlservice.login%20https://www.googleapis.com/auth/compute%20https://www.googleapis.com/auth/accounts.reauth&authuser=0&hd=creditkarma.com&prompt=consent HTTP/1.1" 200 959
2024-05-28 16:53:36,227 DEBUG    requests_oauthlib.oauth2_session Requesting url https://oauth2.googleapis.com/token using method POST.
2024-05-28 16:53:36,227 DEBUG    requests_oauthlib.oauth2_session Supplying headers {b'Accept': b'application/json', b'Content-Type': b'application/x-www-form-urlencoded;charset=UTF-8', b'user-agent': b'google-cloud-sdk gcloud/477.0.0 command/gcloud.auth.login invocation-id/3057dbd88c664e7383e8ab2ac5b2a597 environment/None environment-version/None client-os/MACOSX client-os-ver/23.5.0 client-pltf-arch/x86_64 interactive/False from-script/False python/3.12.3 term/xterm-256color (Macintosh; Intel Mac OS X 23.5.0)'} and data {'grant_type': 'authorization_code', 'client_id': '32555940559.apps.googleusercontent.com', 'client_secret': 'ZmssLNjJy2998hD4CTg2ejr2', 'code': '4/0AdLIrYdFdgRuvsMBMaOJbJ_eh5DeVoYqmp8A8EHScHs9hycoCMRGsb7wbx9gyhfkvvhSBg', 'redirect_uri': 'http://localhost:8085/', 'code_verifier': 'JBtLMjQryj3cvnOAjS6D088naqE4~YzT1asK9~Ftm3Pv~sc65tx6PDovrVSQcZrCJHRr09Ual~SrOpM1xoqVVFTZcHaE5QuvPhyyiNutVrEDVw8A2uW4GxLj5et0Wb~I'}
2024-05-28 16:53:36,227 DEBUG    requests_oauthlib.oauth2_session Passing through key word arguments {'json': None, 'timeout': None, 'auth': None, 'verify': None, 'proxies': None}.
2024-05-28 16:53:36,236 DEBUG    urllib3.connectionpool Starting new HTTPS connection (1): oauth2.googleapis.com:443
2024-05-28 16:53:36,414 DEBUG    urllib3.connectionpool https://oauth2.googleapis.com:443 "POST /token HTTP/1.1" 200 None
2024-05-28 16:53:36,415 DEBUG    requests_oauthlib.oauth2_session Prepared fetch token request body grant_type=authorization_code&client_id=32555940559.apps.googleusercontent.com&client_secret=ZmssLNjJy2998hD4CTg2ejr2&code=4%2F0AdLIrYdFdgRuvsMBMaOJbJ_eh5DeVoYqmp8A8EHScHs9hycoCMRGsb7wbx9gyhfkvvhSBg&redirect_uri=http%3A%2F%2Flocalhost%3A8085%2F&code_verifier=JBtLMjQryj3cvnOAjS6D088naqE4~YzT1asK9~Ftm3Pv~sc65tx6PDovrVSQcZrCJHRr09Ual~SrOpM1xoqVVFTZcHaE5QuvPhyyiNutVrEDVw8A2uW4GxLj5et0Wb~I
2024-05-28 16:53:36,416 DEBUG    requests_oauthlib.oauth2_session Request to fetch token completed with status 200.
2024-05-28 16:53:36,416 DEBUG    requests_oauthlib.oauth2_session Request headers were {'user-agent': b'google-cloud-sdk gcloud/477.0.0 command/gcloud.auth.login invocation-id/3057dbd88c664e7383e8ab2ac5b2a597 environment/None environment-version/None client-os/MACOSX client-os-ver/23.5.0 client-pltf-arch/x86_64 interactive/False from-script/False python/3.12.3 term/xterm-256color (Macintosh; Intel Mac OS X 23.5.0)', 'Accept-Encoding': 'gzip, deflate', 'Accept': b'application/json', 'Connection': 'keep-alive', 'Content-Type': b'application/x-www-form-urlencoded;charset=UTF-8', 'Content-Length': '387'}
2024-05-28 16:53:36,416 DEBUG    requests_oauthlib.oauth2_session Request body was grant_type=authorization_code&client_id=32555940559.apps.googleusercontent.com&client_secret=ZmssLNjJy2998hD4CTg2ejr2&code=4%2F0AdLIrYdFdgRuvsMBMaOJbJ_eh5DeVoYqmp8A8EHScHs9hycoCMRGsb7wbx9gyhfkvvhSBg&redirect_uri=http%3A%2F%2Flocalhost%3A8085%2F&code_verifier=JBtLMjQryj3cvnOAjS6D088naqE4~YzT1asK9~Ftm3Pv~sc65tx6PDovrVSQcZrCJHRr09Ual~SrOpM1xoqVVFTZcHaE5QuvPhyyiNutVrEDVw8A2uW4GxLj5et0Wb~I
2024-05-28 16:53:36,416 DEBUG    requests_oauthlib.oauth2_session Response headers were {'Pragma': 'no-cache', 'Cache-Control': 'no-cache, no-store, max-age=0, must-revalidate', 'Date': 'Tue, 28 May 2024 20:53:36 GMT', 'Expires': 'Mon, 01 Jan 1990 00:00:00 GMT', 'Content-Type': 'application/json; charset=utf-8', 'Vary': 'Origin, X-Origin, Referer', 'Content-Encoding': 'gzip', 'Server': 'scaffolding on HTTPServer2', 'X-XSS-Protection': '0', 'X-Frame-Options': 'SAMEORIGIN', 'X-Content-Type-Options': 'nosniff', 'Transfer-Encoding': 'chunked'} and content {
  "access_token": "ya29.a0AXooCguoTRmh556BHjnFvRVinnrj84psg7DlH_hyyDIrgdEP3csAMEU8zSkzQJd_WzMgcHYZf3ey3s-DOWfT5Sro4HBU3HTAUQdgjXYKWDKqEPUXAqubwcZsJAWp_JOnozJP4O57_2zhEMUHNM8pa_JYRKdZW9MZK1EZLquVBQaCgYKAYESARMSFQHGX2MiL-g-6EGIK8efmII9lAgBuQ0177",
  "expires_in": 3599,
  "refresh_token": "1//05vZDvkXxo7olCgYIARAAGAUSNwF-L9IrhZzx1luWqALr8wwD3MQdHUoU2X44rvxz2kAwtax-gNyAYP2NhRybI3vPwAV-EuN_KP4",
  "scope": "https://www.googleapis.com/auth/appengine.admin https://www.googleapis.com/auth/userinfo.email openid https://www.googleapis.com/auth/sqlservice.login https://www.googleapis.com/auth/cloud-platform https://www.googleapis.com/auth/compute https://www.googleapis.com/auth/accounts.reauth",
  "token_type": "Bearer",
  "id_token": "eyJhbGciOiJSUzI1NiIsImtpZCI6IjY3MTk2NzgzNTFhNWZhZWRjMmU3MDI3NGJiZWE2MmRhMmE4YzRhMTIiLCJ0eXAiOiJKV1QifQ.eyJpc3MiOiJodHRwczovL2FjY291bnRzLmdvb2dsZS5jb20iLCJhenAiOiIzMjU1NTk0MDU1OS5hcHBzLmdvb2dsZXVzZXJjb250ZW50LmNvbSIsImF1ZCI6IjMyNTU1OTQwNTU5LmFwcHMuZ29vZ2xldXNlcmNvbnRlbnQuY29tIiwic3ViIjoiMTEyNTgwNzMwODY3ODAxMDc2MDQ3IiwiaGQiOiJjcmVkaXRrYXJtYS5jb20iLCJlbWFpbCI6InJhY2Uud2lsbGlhbXNAY3JlZGl0a2FybWEuY29tIiwiZW1haWxfdmVyaWZpZWQiOnRydWUsImF0X2hhc2giOiJnM3NoOVp6dEt2Qno0WUZYdnY2bGRBIiwiaWF0IjoxNzE2OTI5NjE2LCJleHAiOjE3MTY5MzMyMTZ9.kM223q0_6OmO5l5h1kgTAdKR7HDBwht4YiBjBDEtcFA2RYRPxmLhCVxweFDi1lRafrx35VynXIgIfnu6qxFd32E7VB49vgvjx84S29DpapLlUlH6-po-LPgd8AT4kqunkTq-_COY4KrbJHzjqgZnD9IaMwvWx4nQmVAKlG_CxBV0CI_Oj1at_WydA4lxSZ-hA25wR6aH2RAlMx1EMv800WBMDVNmJ8_bS20RhI7SAfyDgvfc1gT7CEernw_hmhkckya-WOhr1g8DMUpHW5m38WV-7GB34DboZRJ_LPvZ4uMlUSfVZKcpGmtSuM2f-LfSEpjl2sWMvkkZdPz9tIeS3w"
}.
2024-05-28 16:53:36,416 DEBUG    requests_oauthlib.oauth2_session Invoking 0 token response hooks.
2024-05-28 16:53:36,416 DEBUG    requests_oauthlib.oauth2_session Obtained token {'access_token': 'ya29.a0AXooCguoTRmh556BHjnFvRVinnrj84psg7DlH_hyyDIrgdEP3csAMEU8zSkzQJd_WzMgcHYZf3ey3s-DOWfT5Sro4HBU3HTAUQdgjXYKWDKqEPUXAqubwcZsJAWp_JOnozJP4O57_2zhEMUHNM8pa_JYRKdZW9MZK1EZLquVBQaCgYKAYESARMSFQHGX2MiL-g-6EGIK8efmII9lAgBuQ0177', 'expires_in': 3599, 'refresh_token': '1//05vZDvkXxo7olCgYIARAAGAUSNwF-L9IrhZzx1luWqALr8wwD3MQdHUoU2X44rvxz2kAwtax-gNyAYP2NhRybI3vPwAV-EuN_KP4', 'scope': ['https://www.googleapis.com/auth/appengine.admin', 'https://www.googleapis.com/auth/userinfo.email', 'openid', 'https://www.googleapis.com/auth/sqlservice.login', 'https://www.googleapis.com/auth/cloud-platform', 'https://www.googleapis.com/auth/compute', 'https://www.googleapis.com/auth/accounts.reauth'], 'token_type': 'Bearer', 'id_token': 'eyJhbGciOiJSUzI1NiIsImtpZCI6IjY3MTk2NzgzNTFhNWZhZWRjMmU3MDI3NGJiZWE2MmRhMmE4YzRhMTIiLCJ0eXAiOiJKV1QifQ.eyJpc3MiOiJodHRwczovL2FjY291bnRzLmdvb2dsZS5jb20iLCJhenAiOiIzMjU1NTk0MDU1OS5hcHBzLmdvb2dsZXVzZXJjb250ZW50LmNvbSIsImF1ZCI6IjMyNTU1OTQwNTU5LmFwcHMuZ29vZ2xldXNlcmNvbnRlbnQuY29tIiwic3ViIjoiMTEyNTgwNzMwODY3ODAxMDc2MDQ3IiwiaGQiOiJjcmVkaXRrYXJtYS5jb20iLCJlbWFpbCI6InJhY2Uud2lsbGlhbXNAY3JlZGl0a2FybWEuY29tIiwiZW1haWxfdmVyaWZpZWQiOnRydWUsImF0X2hhc2giOiJnM3NoOVp6dEt2Qno0WUZYdnY2bGRBIiwiaWF0IjoxNzE2OTI5NjE2LCJleHAiOjE3MTY5MzMyMTZ9.kM223q0_6OmO5l5h1kgTAdKR7HDBwht4YiBjBDEtcFA2RYRPxmLhCVxweFDi1lRafrx35VynXIgIfnu6qxFd32E7VB49vgvjx84S29DpapLlUlH6-po-LPgd8AT4kqunkTq-_COY4KrbJHzjqgZnD9IaMwvWx4nQmVAKlG_CxBV0CI_Oj1at_WydA4lxSZ-hA25wR6aH2RAlMx1EMv800WBMDVNmJ8_bS20RhI7SAfyDgvfc1gT7CEernw_hmhkckya-WOhr1g8DMUpHW5m38WV-7GB34DboZRJ_LPvZ4uMlUSfVZKcpGmtSuM2f-LfSEpjl2sWMvkkZdPz9tIeS3w', 'expires_at': 1716933215.416767}.
2024-05-28 16:53:36,435 INFO     ___FILE_ONLY___ 
Application Default Credentials (ADC) were updated.

2024-05-28 16:53:36,439 INFO     ___FILE_ONLY___ 
You are now logged in as [race.williams@creditkarma.com].
Your current project is [None].  You can change this setting by running:
  $ gcloud config set project PROJECT_ID

2024-05-28 16:53:36,439 DEBUG    root            Chosen display Format:none
2024-05-28 16:53:36,439 INFO     root            Display format: "none"
